2023-01-07 12:49:19.593 [SpringApplicationShutdownHook] INFO  com.alibaba.druid.pool.DruidDataSource -[SpringApplicationShutdownHookraceId]- {dataSource-0} closing ...
2023-01-07 12:49:27.482 [main] INFO  com.example.kafka.KafkaApplication -[mainraceId]- Starting KafkaApplication using Java 17.0.5 on maoqifandeMacBook-Pro.local with PID 90704 (/Users/maoqifan/Documents/学习项目文件/MessageQueue/Kafka/target/classes started by maoqifan in /Users/maoqifan/Documents/学习项目文件/MessageQueue/Kafka)
2023-01-07 12:49:27.557 [main] INFO  com.example.kafka.KafkaApplication -[mainraceId]- No active profile set, falling back to 1 default profile: "default"
2023-01-07 12:49:28.782 [main] INFO  org.apache.coyote.http11.Http11NioProtocol -[mainraceId]- Initializing ProtocolHandler ["http-nio-8090"]
2023-01-07 12:49:28.785 [main] INFO  org.apache.catalina.core.StandardService -[mainraceId]- Starting service [Tomcat]
2023-01-07 12:49:28.788 [main] INFO  org.apache.catalina.core.StandardEngine -[mainraceId]- Starting Servlet engine: [Apache Tomcat/9.0.70]
2023-01-07 12:49:28.878 [main] INFO  org.apache.catalina.core.ContainerBase.[Tomcat].[localhost].[/] -[mainraceId]- Initializing Spring embedded WebApplicationContext
2023-01-07 12:49:29.765 [main] INFO  org.apache.coyote.http11.Http11NioProtocol -[mainraceId]- Starting ProtocolHandler ["http-nio-8090"]
2023-01-07 12:49:29.788 [main] INFO  com.example.kafka.KafkaApplication -[mainraceId]- Started KafkaApplication in 2.706 seconds (JVM running for 3.728)
2023-01-07 12:52:34.345 [http-nio-8090-exec-2] INFO  org.apache.catalina.core.ContainerBase.[Tomcat].[localhost].[/] -[http-nio-8090-exec-2raceId]- Initializing Spring DispatcherServlet 'dispatcherServlet'
2023-01-07 12:53:32.913 [SpringApplicationShutdownHook] INFO  com.alibaba.druid.pool.DruidDataSource -[SpringApplicationShutdownHookraceId]- {dataSource-0} closing ...
2023-01-07 12:53:38.921 [main] INFO  com.example.kafka.KafkaApplication -[mainraceId]- Starting KafkaApplication using Java 17.0.5 on maoqifandeMacBook-Pro.local with PID 91110 (/Users/maoqifan/Documents/学习项目文件/MessageQueue/Kafka/target/classes started by maoqifan in /Users/maoqifan/Documents/学习项目文件/MessageQueue/Kafka)
2023-01-07 12:53:38.967 [main] INFO  com.example.kafka.KafkaApplication -[mainraceId]- No active profile set, falling back to 1 default profile: "default"
2023-01-07 12:53:39.989 [main] INFO  org.apache.coyote.http11.Http11NioProtocol -[mainraceId]- Initializing ProtocolHandler ["http-nio-8090"]
2023-01-07 12:53:39.992 [main] INFO  org.apache.catalina.core.StandardService -[mainraceId]- Starting service [Tomcat]
2023-01-07 12:53:39.995 [main] INFO  org.apache.catalina.core.StandardEngine -[mainraceId]- Starting Servlet engine: [Apache Tomcat/9.0.70]
2023-01-07 12:53:40.070 [main] INFO  org.apache.catalina.core.ContainerBase.[Tomcat].[localhost].[/] -[mainraceId]- Initializing Spring embedded WebApplicationContext
2023-01-07 12:53:41.843 [main] INFO  org.apache.coyote.http11.Http11NioProtocol -[mainraceId]- Starting ProtocolHandler ["http-nio-8090"]
2023-01-07 12:53:41.862 [main] INFO  com.example.kafka.KafkaApplication -[mainraceId]- Started KafkaApplication in 3.301 seconds (JVM running for 4.253)
2023-01-07 12:54:17.334 [http-nio-8090-exec-2] INFO  org.apache.catalina.core.ContainerBase.[Tomcat].[localhost].[/] -[http-nio-8090-exec-2raceId]- Initializing Spring DispatcherServlet 'dispatcherServlet'
2023-01-07 12:58:43.172 [SpringApplicationShutdownHook] INFO  com.alibaba.druid.pool.DruidDataSource -[SpringApplicationShutdownHookraceId]- {dataSource-0} closing ...
2023-01-07 12:58:48.822 [main] INFO  com.example.kafka.KafkaApplication -[mainraceId]- Starting KafkaApplication using Java 17.0.5 on maoqifandeMacBook-Pro.local with PID 91481 (/Users/maoqifan/Documents/学习项目文件/MessageQueue/Kafka/target/classes started by maoqifan in /Users/maoqifan/Documents/学习项目文件/MessageQueue/Kafka)
2023-01-07 12:58:48.867 [main] INFO  com.example.kafka.KafkaApplication -[mainraceId]- No active profile set, falling back to 1 default profile: "default"
2023-01-07 12:58:49.893 [main] INFO  org.apache.coyote.http11.Http11NioProtocol -[mainraceId]- Initializing ProtocolHandler ["http-nio-8090"]
2023-01-07 12:58:49.896 [main] INFO  org.apache.catalina.core.StandardService -[mainraceId]- Starting service [Tomcat]
2023-01-07 12:58:49.898 [main] INFO  org.apache.catalina.core.StandardEngine -[mainraceId]- Starting Servlet engine: [Apache Tomcat/9.0.70]
2023-01-07 12:58:49.981 [main] INFO  org.apache.catalina.core.ContainerBase.[Tomcat].[localhost].[/] -[mainraceId]- Initializing Spring embedded WebApplicationContext
2023-01-07 12:58:50.769 [main] INFO  org.apache.coyote.http11.Http11NioProtocol -[mainraceId]- Starting ProtocolHandler ["http-nio-8090"]
2023-01-07 12:58:50.785 [main] INFO  com.example.kafka.KafkaApplication -[mainraceId]- Started KafkaApplication in 2.251 seconds (JVM running for 3.012)
2023-01-07 12:59:07.990 [http-nio-8090-exec-2] INFO  org.apache.catalina.core.ContainerBase.[Tomcat].[localhost].[/] -[http-nio-8090-exec-2raceId]- Initializing Spring DispatcherServlet 'dispatcherServlet'
2023-01-07 13:02:11.071 [SpringApplicationShutdownHook] INFO  com.alibaba.druid.pool.DruidDataSource -[SpringApplicationShutdownHookraceId]- {dataSource-0} closing ...
2023-01-07 13:02:16.725 [main] INFO  com.example.kafka.KafkaApplication -[mainraceId]- Starting KafkaApplication using Java 17.0.5 on maoqifandeMacBook-Pro.local with PID 91754 (/Users/maoqifan/Documents/学习项目文件/MessageQueue/Kafka/target/classes started by maoqifan in /Users/maoqifan/Documents/学习项目文件/MessageQueue/Kafka)
2023-01-07 13:02:16.775 [main] INFO  com.example.kafka.KafkaApplication -[mainraceId]- No active profile set, falling back to 1 default profile: "default"
2023-01-07 13:02:17.756 [main] INFO  org.apache.coyote.http11.Http11NioProtocol -[mainraceId]- Initializing ProtocolHandler ["http-nio-8090"]
2023-01-07 13:02:17.758 [main] INFO  org.apache.catalina.core.StandardService -[mainraceId]- Starting service [Tomcat]
2023-01-07 13:02:17.760 [main] INFO  org.apache.catalina.core.StandardEngine -[mainraceId]- Starting Servlet engine: [Apache Tomcat/9.0.70]
2023-01-07 13:02:17.841 [main] INFO  org.apache.catalina.core.ContainerBase.[Tomcat].[localhost].[/] -[mainraceId]- Initializing Spring embedded WebApplicationContext
2023-01-07 13:02:18.565 [main] INFO  org.apache.coyote.http11.Http11NioProtocol -[mainraceId]- Starting ProtocolHandler ["http-nio-8090"]
2023-01-07 13:02:18.584 [main] INFO  com.example.kafka.KafkaApplication -[mainraceId]- Started KafkaApplication in 2.137 seconds (JVM running for 2.896)
2023-01-07 13:02:22.643 [http-nio-8090-exec-2] INFO  org.apache.catalina.core.ContainerBase.[Tomcat].[localhost].[/] -[http-nio-8090-exec-2raceId]- Initializing Spring DispatcherServlet 'dispatcherServlet'
2023-01-07 13:02:57.753 [SpringApplicationShutdownHook] INFO  com.alibaba.druid.pool.DruidDataSource -[SpringApplicationShutdownHookraceId]- {dataSource-0} closing ...
2023-01-07 13:03:03.397 [main] INFO  com.example.kafka.KafkaApplication -[mainraceId]- Starting KafkaApplication using Java 17.0.5 on maoqifandeMacBook-Pro.local with PID 91818 (/Users/maoqifan/Documents/学习项目文件/MessageQueue/Kafka/target/classes started by maoqifan in /Users/maoqifan/Documents/学习项目文件/MessageQueue/Kafka)
2023-01-07 13:03:03.439 [main] INFO  com.example.kafka.KafkaApplication -[mainraceId]- No active profile set, falling back to 1 default profile: "default"
2023-01-07 13:03:04.345 [main] INFO  org.apache.coyote.http11.Http11NioProtocol -[mainraceId]- Initializing ProtocolHandler ["http-nio-8090"]
2023-01-07 13:03:04.348 [main] INFO  org.apache.catalina.core.StandardService -[mainraceId]- Starting service [Tomcat]
2023-01-07 13:03:04.351 [main] INFO  org.apache.catalina.core.StandardEngine -[mainraceId]- Starting Servlet engine: [Apache Tomcat/9.0.70]
2023-01-07 13:03:04.427 [main] INFO  org.apache.catalina.core.ContainerBase.[Tomcat].[localhost].[/] -[mainraceId]- Initializing Spring embedded WebApplicationContext
2023-01-07 13:03:05.150 [main] INFO  org.apache.coyote.http11.Http11NioProtocol -[mainraceId]- Starting ProtocolHandler ["http-nio-8090"]
2023-01-07 13:03:05.171 [main] INFO  com.example.kafka.KafkaApplication -[mainraceId]- Started KafkaApplication in 2.056 seconds (JVM running for 2.808)
2023-01-07 13:03:48.684 [http-nio-8090-exec-2] INFO  org.apache.catalina.core.ContainerBase.[Tomcat].[localhost].[/] -[http-nio-8090-exec-2raceId]- Initializing Spring DispatcherServlet 'dispatcherServlet'
2023-01-07 13:06:33.792 [SpringApplicationShutdownHook] INFO  com.alibaba.druid.pool.DruidDataSource -[SpringApplicationShutdownHookraceId]- {dataSource-0} closing ...
2023-01-07 13:06:39.257 [main] INFO  com.example.kafka.KafkaApplication -[mainraceId]- Starting KafkaApplication using Java 17.0.5 on maoqifandeMacBook-Pro.local with PID 92077 (/Users/maoqifan/Documents/学习项目文件/MessageQueue/Kafka/target/classes started by maoqifan in /Users/maoqifan/Documents/学习项目文件/MessageQueue/Kafka)
2023-01-07 13:06:39.295 [main] INFO  com.example.kafka.KafkaApplication -[mainraceId]- No active profile set, falling back to 1 default profile: "default"
2023-01-07 13:06:40.087 [main] INFO  org.apache.coyote.http11.Http11NioProtocol -[mainraceId]- Initializing ProtocolHandler ["http-nio-8090"]
2023-01-07 13:06:40.089 [main] INFO  org.apache.catalina.core.StandardService -[mainraceId]- Starting service [Tomcat]
2023-01-07 13:06:40.091 [main] INFO  org.apache.catalina.core.StandardEngine -[mainraceId]- Starting Servlet engine: [Apache Tomcat/9.0.70]
2023-01-07 13:06:40.154 [main] INFO  org.apache.catalina.core.ContainerBase.[Tomcat].[localhost].[/] -[mainraceId]- Initializing Spring embedded WebApplicationContext
2023-01-07 13:06:40.785 [main] INFO  org.apache.coyote.http11.Http11NioProtocol -[mainraceId]- Starting ProtocolHandler ["http-nio-8090"]
2023-01-07 13:06:40.802 [main] INFO  com.example.kafka.KafkaApplication -[mainraceId]- Started KafkaApplication in 1.777 seconds (JVM running for 2.408)
2023-01-07 13:06:52.878 [http-nio-8090-exec-2] INFO  org.apache.catalina.core.ContainerBase.[Tomcat].[localhost].[/] -[http-nio-8090-exec-2raceId]- Initializing Spring DispatcherServlet 'dispatcherServlet'
2023-01-07 13:12:02.288 [SpringApplicationShutdownHook] INFO  com.alibaba.druid.pool.DruidDataSource -[SpringApplicationShutdownHookraceId]- {dataSource-0} closing ...
2023-01-07 13:12:08.132 [main] INFO  com.example.kafka.KafkaApplication -[mainraceId]- Starting KafkaApplication using Java 17.0.5 on maoqifandeMacBook-Pro.local with PID 92458 (/Users/maoqifan/Documents/学习项目文件/MessageQueue/Kafka/target/classes started by maoqifan in /Users/maoqifan/Documents/学习项目文件/MessageQueue/Kafka)
2023-01-07 13:12:08.181 [main] INFO  com.example.kafka.KafkaApplication -[mainraceId]- No active profile set, falling back to 1 default profile: "default"
2023-01-07 13:12:09.080 [main] INFO  org.apache.coyote.http11.Http11NioProtocol -[mainraceId]- Initializing ProtocolHandler ["http-nio-8090"]
2023-01-07 13:12:09.083 [main] INFO  org.apache.catalina.core.StandardService -[mainraceId]- Starting service [Tomcat]
2023-01-07 13:12:09.085 [main] INFO  org.apache.catalina.core.StandardEngine -[mainraceId]- Starting Servlet engine: [Apache Tomcat/9.0.70]
2023-01-07 13:12:09.150 [main] INFO  org.apache.catalina.core.ContainerBase.[Tomcat].[localhost].[/] -[mainraceId]- Initializing Spring embedded WebApplicationContext
2023-01-07 13:12:09.870 [main] INFO  org.apache.coyote.http11.Http11NioProtocol -[mainraceId]- Starting ProtocolHandler ["http-nio-8090"]
2023-01-07 13:12:09.893 [main] INFO  com.example.kafka.KafkaApplication -[mainraceId]- Started KafkaApplication in 2.084 seconds (JVM running for 2.943)
2023-01-07 13:12:24.209 [http-nio-8090-exec-2] INFO  org.apache.catalina.core.ContainerBase.[Tomcat].[localhost].[/] -[http-nio-8090-exec-2raceId]- Initializing Spring DispatcherServlet 'dispatcherServlet'
2023-01-07 13:12:32.804 [secondKillContainer-0-C-1] INFO  com.example.kafka.listener.SecondKillListener -[secondKillContainer-0-C-1raceId]- 监听到消息记录-------------
topic = secondKillTopic
partition = 7
offset = 0
key = null
value = {"goodsId":"123456","goodsStock":9}
--------------------
2023-01-07 13:12:32.827 [secondKillContainer-0-C-1] INFO  com.example.kafka.listener.SecondKillListener -[secondKillContainer-0-C-1raceId]- goods id: 123456
2023-01-07 13:12:32.829 [secondKillContainer-0-C-1] INFO  com.example.kafka.listener.SecondKillListener -[secondKillContainer-0-C-1raceId]- goods stock: 9
